android_N/app/build/intermediates/manifest_merge_blame_file/debug/manifest-merger-blame-debug-report.txt
1<?xml version="1.0" encoding="utf-8"?>
2<manifest xmlns:android="http://schemas.android.com/apk/res/android"
3    package="com.fab.fabpropertiesEnterprise"
4    android:versionCode="40"
5    android:versionName="1.0.19" >
6
7    <uses-sdk
8        android:minSdkVersion="23"
9        android:targetSdkVersion="34" />
10    <!--
11     <manifest xmlns:android="http://schemas.android.com/apk/res/android"
12    package="com.fab.fabpropertiesEnterprise">
13    -->
14    <!--
15         Flutter needs it to communicate with the running application
16         to allow setting breakpoints, to provide hot reload, etc.
17    -->
18    <uses-permission android:name="android.permission.INTERNET" />
18-->src/main/AndroidManifest.xml:6:3-65
18-->src/main/AndroidManifest.xml:6:20-62
19    <uses-permission android:name="android.permission.ACCESS_NETWORK_STATE" />
19-->src/main/AndroidManifest.xml:7:3-77
19-->src/main/AndroidManifest.xml:7:20-74
20    <!--
21 adding this for
22  unregister DNS*
23    -->
24    <uses-permission android:name="android.permission.USE_FINGERPRINT" />
24-->src/main/AndroidManifest.xml:9:3-72
24-->src/main/AndroidManifest.xml:9:20-69
25    <uses-permission android:name="android.permission.FOREGROUND_SERVICE" />
25-->src/main/AndroidManifest.xml:10:3-75
25-->src/main/AndroidManifest.xml:10:20-72
26    <!--
27 <uses-permission android:name="android.permission.READ_EXTERNAL_STORAGE" />
28  <uses-permission android:name="android.permission.WRITE_EXTERNAL_STORAGE" />
29    -->
30    <uses-permission android:name="android.permission.CAMERA" />
30-->src/main/AndroidManifest.xml:13:3-63
30-->src/main/AndroidManifest.xml:13:20-60
31
32    <queries>
32-->[:file_picker] AndroidManifest.xml:7:5-13:15
33        <intent>
33-->[:file_picker] AndroidManifest.xml:8:9-12:18
34            <action android:name="android.intent.action.GET_CONTENT" />
34-->[:file_picker] AndroidManifest.xml:9:13-72
34-->[:file_picker] AndroidManifest.xml:9:21-69
35
36            <data android:mimeType="*/*" />
36-->[:file_picker] AndroidManifest.xml:11:13-44
36-->[:file_picker] AndroidManifest.xml:11:19-41
37        </intent>
38        <intent>
38-->[:flutter_downloader] AndroidManifest.xml:9:9-11:18
39            <action android:name="android.intent.action.VIEW" />
39-->[:flutter_downloader] AndroidManifest.xml:10:13-65
39-->[:flutter_downloader] AndroidManifest.xml:10:21-62
40        </intent> <!-- Needs to be explicitly declared on Android R+ -->
41        <package android:name="com.google.android.apps.maps" />
41-->[com.google.android.gms:play-services-maps:18.2.0] AndroidManifest.xml:33:9-64
41-->[com.google.android.gms:play-services-maps:18.2.0] AndroidManifest.xml:33:18-61
42    </queries>
43
44    <uses-permission android:name="android.permission.WAKE_LOCK" /> <!-- Permissions options for the `notification` group -->
44-->[:firebase_messaging] AndroidManifest.xml:8:5-68
44-->[:firebase_messaging] AndroidManifest.xml:8:22-65
45    <uses-permission android:name="android.permission.POST_NOTIFICATIONS" />
45-->[:firebase_messaging] AndroidManifest.xml:11:5-77
45-->[:firebase_messaging] AndroidManifest.xml:11:22-74
46    <uses-permission android:name="android.permission.VIBRATE" />
46-->[:flutter_local_notifications] AndroidManifest.xml:7:5-66
46-->[:flutter_local_notifications] AndroidManifest.xml:7:22-63
47    <uses-permission android:name="android.permission.USE_BIOMETRIC" /> <!-- Required by older versions of Google Play services to create IID tokens -->
47-->[:local_auth_android] AndroidManifest.xml:7:5-72
47-->[:local_auth_android] AndroidManifest.xml:7:22-69
48    <uses-permission android:name="com.google.android.c2dm.permission.RECEIVE" />
48-->[com.google.firebase:firebase-messaging:23.4.1] AndroidManifest.xml:26:5-82
48-->[com.google.firebase:firebase-messaging:23.4.1] AndroidManifest.xml:26:22-79
49    <uses-permission android:name="android.permission.ACCESS_ADSERVICES_ATTRIBUTION" />
49-->[com.google.android.gms:play-services-measurement-api:21.6.1] AndroidManifest.xml:26:5-88
49-->[com.google.android.gms:play-services-measurement-api:21.6.1] AndroidManifest.xml:26:22-85
50    <uses-permission android:name="android.permission.ACCESS_ADSERVICES_AD_ID" />
50-->[com.google.android.gms:play-services-measurement-api:21.6.1] AndroidManifest.xml:27:5-82
50-->[com.google.android.gms:play-services-measurement-api:21.6.1] AndroidManifest.xml:27:22-79
51    <uses-permission android:name="android.permission.RECEIVE_BOOT_COMPLETED" />
51-->[androidx.work:work-runtime:2.9.0] AndroidManifest.xml:25:5-81
51-->[androidx.work:work-runtime:2.9.0] AndroidManifest.xml:25:22-78
52
53    <uses-feature
53-->[com.google.android.gms:play-services-maps:18.2.0] AndroidManifest.xml:26:5-28:35
54        android:glEsVersion="0x00020000"
54-->[com.google.android.gms:play-services-maps:18.2.0] AndroidManifest.xml:27:9-41
55        android:required="true" />
55-->[com.google.android.gms:play-services-maps:18.2.0] AndroidManifest.xml:28:9-32
56
57    <uses-permission android:name="com.google.android.finsky.permission.BIND_GET_INSTALL_REFERRER_SERVICE" />
57-->[com.google.android.gms:play-services-measurement:21.6.1] AndroidManifest.xml:26:5-110
57-->[com.google.android.gms:play-services-measurement:21.6.1] AndroidManifest.xml:26:22-107
58    <uses-permission android:name="com.google.android.providers.gsf.permission.READ_GSERVICES" />
58-->[com.google.android.recaptcha:recaptcha:18.4.0] AndroidManifest.xml:9:5-98
58-->[com.google.android.recaptcha:recaptcha:18.4.0] AndroidManifest.xml:9:22-95
59
60    <permission
60-->[androidx.core:core:1.13.1] AndroidManifest.xml:22:5-24:47
61        android:name="com.fab.fabpropertiesEnterprise.DYNAMIC_RECEIVER_NOT_EXPORTED_PERMISSION"
61-->[androidx.core:core:1.13.1] AndroidManifest.xml:23:9-81
62        android:protectionLevel="signature" />
62-->[androidx.core:core:1.13.1] AndroidManifest.xml:24:9-44
63
64    <uses-permission android:name="com.fab.fabpropertiesEnterprise.DYNAMIC_RECEIVER_NOT_EXPORTED_PERMISSION" /> <!-- <uses-permission android:name="android.permission.READ_EXTERNAL_STORAGE" /> -->
64-->[androidx.core:core:1.13.1] AndroidManifest.xml:26:5-97
64-->[androidx.core:core:1.13.1] AndroidManifest.xml:26:22-94
65    <application
65-->src/main/AndroidManifest.xml:17:3-119:17
66        android:allowBackup="false"
66-->src/main/AndroidManifest.xml:20:5-32
67        android:appComponentFactory="androidx.core.app.CoreComponentFactory"
67-->[androidx.core:core:1.13.1] AndroidManifest.xml:28:18-86
68        android:debuggable="true"
69        android:extractNativeLibs="true"
69-->src/main/AndroidManifest.xml:25:5-37
70        android:fullBackupOnly="false"
70-->src/main/AndroidManifest.xml:21:5-35
71        android:icon="@mipmap/ic_launcher"
71-->src/main/AndroidManifest.xml:23:5-39
72        android:label="FAB Properties"
72-->src/main/AndroidManifest.xml:22:5-35
73        android:theme="@style/AppTheme"
73-->src/main/AndroidManifest.xml:19:5-36
74        android:usesCleartextTraffic="false" >
74-->src/main/AndroidManifest.xml:24:5-41
75        <provider
76            android:name="vn.hunghd.flutterdownloader.DownloadedFileProvider"
77            android:authorities="com.fab.fabpropertiesEnterprise.flutter_downloader.provider"
78            android:exported="false"
79            android:grantUriPermissions="true" >
80
81            <!--
82        <meta-data
83        android:name="android.support.FILE_PROVIDER_PATHS"
84        android:resource="@xml/file_paths" />
85            -->
86        </provider>
87        <!-- Begin FlutterDownloader customization -->
88        <!-- disable default Initializer -->
89        <provider
90            android:name="androidx.startup.InitializationProvider"
91            android:authorities="com.fab.fabpropertiesEnterprise.androidx-startup"
92            android:exported="false" >
93            <meta-data
93-->[androidx.emoji2:emoji2:1.2.0] AndroidManifest.xml:29:13-31:52
94                android:name="androidx.emoji2.text.EmojiCompatInitializer"
94-->[androidx.emoji2:emoji2:1.2.0] AndroidManifest.xml:30:17-75
95                android:value="androidx.startup" />
95-->[androidx.emoji2:emoji2:1.2.0] AndroidManifest.xml:31:17-49
96            <meta-data
96-->[androidx.lifecycle:lifecycle-process:2.7.0] AndroidManifest.xml:29:13-31:52
97                android:name="androidx.lifecycle.ProcessLifecycleInitializer"
97-->[androidx.lifecycle:lifecycle-process:2.7.0] AndroidManifest.xml:30:17-78
98                android:value="androidx.startup" />
98-->[androidx.lifecycle:lifecycle-process:2.7.0] AndroidManifest.xml:31:17-49
99            <meta-data
99-->[androidx.profileinstaller:profileinstaller:1.3.1] AndroidManifest.xml:29:13-31:52
100                android:name="androidx.profileinstaller.ProfileInstallerInitializer"
100-->[androidx.profileinstaller:profileinstaller:1.3.1] AndroidManifest.xml:30:17-85
101                android:value="androidx.startup" />
101-->[androidx.profileinstaller:profileinstaller:1.3.1] AndroidManifest.xml:31:17-49
102        </provider>
103
104        <!-- declare customized Initializer -->
105        <provider
106            android:name="vn.hunghd.flutterdownloader.FlutterDownloaderInitializer"
107            android:authorities="com.fab.fabpropertiesEnterprise.flutter-downloader-init"
108            android:exported="false" >
109
110            <!-- changes this number to configure the maximum number of concurrent tasks -->
111            <meta-data
112                android:name="vn.hunghd.flutterdownloader.MAX_CONCURRENT_TASKS"
113                android:value="5" />
114        </provider>
115        <!-- End FlutterDownloader customization -->
116        <!-- Flutter Auto Update -->
117        <provider
118            android:name="androidx.core.content.FileProvider"
119            android:authorities="com.fab.fabpropertiesEnterprise.fileProvider"
120            android:exported="false"
121            android:grantUriPermissions="true" >
122            <meta-data
122-->[:image_picker_android] AndroidManifest.xml:14:13-16:75
123                android:name="android.support.FILE_PROVIDER_PATHS"
123-->[:image_picker_android] AndroidManifest.xml:15:17-67
124                android:networkSecurityConfig="@xml/network_security_config"
125                android:resource="@xml/file_paths" />
125-->[:image_picker_android] AndroidManifest.xml:16:17-72
126            <meta-data
127                android:name="firebasePhoneAuthenticationRecaptchaEnabled"
128                android:value="false" />
129            <!-- Flutter Auto Update -->
130        </provider>
131
132        <meta-data
132-->src/main/AndroidManifest.xml:75:5-76:65
133            android:name="com.google.android.geo.API_KEY"
133-->src/main/AndroidManifest.xml:75:16-61
134            android:value="AIzaSyAAF8E606ZPom3ZeVj5nRDFAyjMftelbyg" />
134-->src/main/AndroidManifest.xml:76:7-62
135
136        <activity
136-->src/main/AndroidManifest.xml:77:5-108:16
137            android:name="com.fab.flutterjailbreakdetection.MainActivity"
137-->src/main/AndroidManifest.xml:78:7-35
138            android:configChanges="orientation|keyboardHidden|keyboard|screenSize|smallestScreenSize|locale|layoutDirection|fontScale|screenLayout|density|uiMode"
138-->src/main/AndroidManifest.xml:81:7-157
139            android:exported="true"
139-->src/main/AndroidManifest.xml:84:7-30
140            android:hardwareAccelerated="true"
140-->src/main/AndroidManifest.xml:82:7-41
141            android:launchMode="singleTop"
141-->src/main/AndroidManifest.xml:79:7-37
142            android:theme="@style/LaunchTheme"
142-->src/main/AndroidManifest.xml:80:7-41
143            android:windowSoftInputMode="adjustResize|stateUnspecified" >
143-->src/main/AndroidManifest.xml:83:7-66
144
145            <!--
146           Specifies an Android theme to apply to this Activity as soon as
147                 the Android process has started. This theme is visible to the user
148                 while the Flutter UI initializes. After that, this theme continues
149                 to determine the Window background behind the Flutter UI.
150            -->
151            <meta-data
151-->src/main/AndroidManifest.xml:90:7-93:9
152                android:name="io.flutter.embedding.android.NormalTheme"
152-->src/main/AndroidManifest.xml:91:9-64
153                android:resource="@style/NormalTheme" />
153-->src/main/AndroidManifest.xml:92:9-46
154            <!--
155           Displays an Android View that continues showing the launch screen
156                 Drawable until Flutter paints its first frame, then this splash
157                 screen fades out. A splash screen is useful to avoid any visual
158                 gap between the end of Android's launch screen and the painting of
159                 Flutter's first frame.
160            -->
161            <meta-data
161-->src/main/AndroidManifest.xml:99:7-102:9
162                android:name="io.flutter.embedding.android.SplashScreenDrawable"
162-->src/main/AndroidManifest.xml:100:9-73
163                android:resource="@drawable/launch_background" />
163-->src/main/AndroidManifest.xml:101:9-55
164
165            <intent-filter>
165-->src/main/AndroidManifest.xml:104:7-107:23
166                <action android:name="android.intent.action.MAIN" />
166-->src/main/AndroidManifest.xml:105:9-61
166-->src/main/AndroidManifest.xml:105:17-58
167
168                <category android:name="android.intent.category.LAUNCHER" />
168-->src/main/AndroidManifest.xml:106:9-69
168-->src/main/AndroidManifest.xml:106:19-66
169            </intent-filter>
170        </activity>
171        <activity
171-->src/main/AndroidManifest.xml:109:5-113:16
172            android:name="com.yalantis.ucrop.UCropActivity"
172-->src/main/AndroidManifest.xml:110:7-54
173            android:screenOrientation="portrait"
173-->src/main/AndroidManifest.xml:111:7-43
174            android:theme="@style/Theme.AppCompat.Light.NoActionBar" >
174-->src/main/AndroidManifest.xml:112:7-63
175        </activity>
176        <!--
177         Don't delete the meta-data below.
178             This is used by the Flutter tool to generate GeneratedPluginRegistrant.java
179        -->
180        <meta-data
180-->src/main/AndroidManifest.xml:116:5-118:27
181            android:name="flutterEmbedding"
181-->src/main/AndroidManifest.xml:117:7-38
182            android:value="2" />
182-->src/main/AndroidManifest.xml:118:7-24
183
184        <service
184-->[:firebase_app_check] AndroidManifest.xml:8:9-12:19
185            android:name="com.google.firebase.components.ComponentDiscoveryService"
185-->[:firebase_app_check] AndroidManifest.xml:8:18-89
186            android:directBootAware="true"
186-->[com.google.firebase:firebase-common:20.4.3] AndroidManifest.xml:32:13-43
187            android:exported="false" >
187-->[com.google.firebase:firebase-auth:22.3.1] AndroidManifest.xml:68:13-37
188            <meta-data
188-->[:firebase_app_check] AndroidManifest.xml:9:13-11:85
189                android:name="com.google.firebase.components:io.flutter.plugins.firebase.appcheck.FlutterFirebaseAppRegistrar"
189-->[:firebase_app_check] AndroidManifest.xml:10:17-127
190                android:value="com.google.firebase.components.ComponentRegistrar" />
190-->[:firebase_app_check] AndroidManifest.xml:11:17-82
191            <meta-data
191-->[:firebase_auth] AndroidManifest.xml:9:13-11:85
192                android:name="com.google.firebase.components:io.flutter.plugins.firebase.auth.FlutterFirebaseAuthRegistrar"
192-->[:firebase_auth] AndroidManifest.xml:10:17-124
193                android:value="com.google.firebase.components.ComponentRegistrar" />
193-->[:firebase_auth] AndroidManifest.xml:11:17-82
194            <meta-data
194-->[:firebase_messaging] AndroidManifest.xml:36:13-38:85
195                android:name="com.google.firebase.components:io.flutter.plugins.firebase.messaging.FlutterFirebaseAppRegistrar"
195-->[:firebase_messaging] AndroidManifest.xml:37:17-128
196                android:value="com.google.firebase.components.ComponentRegistrar" />
196-->[:firebase_messaging] AndroidManifest.xml:38:17-82
197            <meta-data
197-->[:firebase_core] AndroidManifest.xml:9:13-11:85
198                android:name="com.google.firebase.components:io.flutter.plugins.firebase.core.FlutterFirebaseCoreRegistrar"
198-->[:firebase_core] AndroidManifest.xml:10:17-124
199                android:value="com.google.firebase.components.ComponentRegistrar" />
199-->[:firebase_core] AndroidManifest.xml:11:17-82
200            <meta-data
200-->[com.google.firebase:firebase-auth:22.3.1] AndroidManifest.xml:69:13-71:85
201                android:name="com.google.firebase.components:com.google.firebase.auth.FirebaseAuthRegistrar"
201-->[com.google.firebase:firebase-auth:22.3.1] AndroidManifest.xml:70:17-109
202                android:value="com.google.firebase.components.ComponentRegistrar" />
202-->[com.google.firebase:firebase-auth:22.3.1] AndroidManifest.xml:71:17-82
203            <meta-data
203-->[com.google.firebase:firebase-appcheck-safetynet:16.1.2] AndroidManifest.xml:27:13-29:85
204                android:name="com.google.firebase.components:com.google.firebase.appcheck.safetynet.FirebaseAppCheckSafetyNetRegistrar"
204-->[com.google.firebase:firebase-appcheck-safetynet:16.1.2] AndroidManifest.xml:28:17-136
205                android:value="com.google.firebase.components.ComponentRegistrar" />
205-->[com.google.firebase:firebase-appcheck-safetynet:16.1.2] AndroidManifest.xml:29:17-82
206            <meta-data
206-->[com.google.firebase:firebase-appcheck-debug:17.1.2] AndroidManifest.xml:25:13-27:85
207                android:name="com.google.firebase.components:com.google.firebase.appcheck.debug.FirebaseAppCheckDebugRegistrar"
207-->[com.google.firebase:firebase-appcheck-debug:17.1.2] AndroidManifest.xml:26:17-128
208                android:value="com.google.firebase.components.ComponentRegistrar" />
208-->[com.google.firebase:firebase-appcheck-debug:17.1.2] AndroidManifest.xml:27:17-82
209            <meta-data
209-->[com.google.firebase:firebase-appcheck-playintegrity:17.1.2] AndroidManifest.xml:25:13-27:85
210                android:name="com.google.firebase.components:com.google.firebase.appcheck.playintegrity.FirebaseAppCheckPlayIntegrityRegistrar"
210-->[com.google.firebase:firebase-appcheck-playintegrity:17.1.2] AndroidManifest.xml:26:17-144
211                android:value="com.google.firebase.components.ComponentRegistrar" />
211-->[com.google.firebase:firebase-appcheck-playintegrity:17.1.2] AndroidManifest.xml:27:17-82
212            <meta-data
212-->[com.google.firebase:firebase-messaging:23.4.1] AndroidManifest.xml:57:13-59:85
213                android:name="com.google.firebase.components:com.google.firebase.messaging.FirebaseMessagingKtxRegistrar"
213-->[com.google.firebase:firebase-messaging:23.4.1] AndroidManifest.xml:58:17-122
214                android:value="com.google.firebase.components.ComponentRegistrar" />
214-->[com.google.firebase:firebase-messaging:23.4.1] AndroidManifest.xml:59:17-82
215            <meta-data
215-->[com.google.firebase:firebase-messaging:23.4.1] AndroidManifest.xml:60:13-62:85
216                android:name="com.google.firebase.components:com.google.firebase.messaging.FirebaseMessagingRegistrar"
216-->[com.google.firebase:firebase-messaging:23.4.1] AndroidManifest.xml:61:17-119
217                android:value="com.google.firebase.components.ComponentRegistrar" />
217-->[com.google.firebase:firebase-messaging:23.4.1] AndroidManifest.xml:62:17-82
218            <meta-data
218-->[com.google.firebase:firebase-appcheck:17.1.2] AndroidManifest.xml:25:13-27:85
219                android:name="com.google.firebase.components:com.google.firebase.appcheck.FirebaseAppCheckKtxRegistrar"
219-->[com.google.firebase:firebase-appcheck:17.1.2] AndroidManifest.xml:26:17-120
220                android:value="com.google.firebase.components.ComponentRegistrar" />
220-->[com.google.firebase:firebase-appcheck:17.1.2] AndroidManifest.xml:27:17-82
221            <meta-data
221-->[com.google.firebase:firebase-appcheck:17.1.2] AndroidManifest.xml:28:13-30:85
222                android:name="com.google.firebase.components:com.google.firebase.appcheck.FirebaseAppCheckRegistrar"
222-->[com.google.firebase:firebase-appcheck:17.1.2] AndroidManifest.xml:29:17-117
223                android:value="com.google.firebase.components.ComponentRegistrar" />
223-->[com.google.firebase:firebase-appcheck:17.1.2] AndroidManifest.xml:30:17-82
224            <meta-data
224-->[com.google.android.gms:play-services-measurement-api:21.6.1] AndroidManifest.xml:37:13-39:85
225                android:name="com.google.firebase.components:com.google.firebase.analytics.connector.internal.AnalyticsConnectorRegistrar"
225-->[com.google.android.gms:play-services-measurement-api:21.6.1] AndroidManifest.xml:38:17-139
226                android:value="com.google.firebase.components.ComponentRegistrar" />
226-->[com.google.android.gms:play-services-measurement-api:21.6.1] AndroidManifest.xml:39:17-82
227            <meta-data
227-->[com.google.firebase:firebase-installations:17.2.0] AndroidManifest.xml:15:13-17:85
228                android:name="com.google.firebase.components:com.google.firebase.installations.FirebaseInstallationsKtxRegistrar"
228-->[com.google.firebase:firebase-installations:17.2.0] AndroidManifest.xml:16:17-130
229                android:value="com.google.firebase.components.ComponentRegistrar" />
229-->[com.google.firebase:firebase-installations:17.2.0] AndroidManifest.xml:17:17-82
230            <meta-data
230-->[com.google.firebase:firebase-installations:17.2.0] AndroidManifest.xml:18:13-20:85
231                android:name="com.google.firebase.components:com.google.firebase.installations.FirebaseInstallationsRegistrar"
231-->[com.google.firebase:firebase-installations:17.2.0] AndroidManifest.xml:19:17-127
232                android:value="com.google.firebase.components.ComponentRegistrar" />
232-->[com.google.firebase:firebase-installations:17.2.0] AndroidManifest.xml:20:17-82
233            <meta-data
233-->[com.google.firebase:firebase-common-ktx:20.4.3] AndroidManifest.xml:12:13-14:85
234                android:name="com.google.firebase.components:com.google.firebase.ktx.FirebaseCommonLegacyRegistrar"
234-->[com.google.firebase:firebase-common-ktx:20.4.3] AndroidManifest.xml:13:17-116
235                android:value="com.google.firebase.components.ComponentRegistrar" />
235-->[com.google.firebase:firebase-common-ktx:20.4.3] AndroidManifest.xml:14:17-82
236            <meta-data
236-->[com.google.firebase:firebase-common:20.4.3] AndroidManifest.xml:35:13-37:85
237                android:name="com.google.firebase.components:com.google.firebase.FirebaseCommonKtxRegistrar"
237-->[com.google.firebase:firebase-common:20.4.3] AndroidManifest.xml:36:17-109
238                android:value="com.google.firebase.components.ComponentRegistrar" />
238-->[com.google.firebase:firebase-common:20.4.3] AndroidManifest.xml:37:17-82
239            <meta-data
239-->[com.google.firebase:firebase-datatransport:18.1.7] AndroidManifest.xml:27:13-29:85
240                android:name="com.google.firebase.components:com.google.firebase.datatransport.TransportRegistrar"
240-->[com.google.firebase:firebase-datatransport:18.1.7] AndroidManifest.xml:28:17-115
241                android:value="com.google.firebase.components.ComponentRegistrar" />
241-->[com.google.firebase:firebase-datatransport:18.1.7] AndroidManifest.xml:29:17-82
242        </service>
243        <service
243-->[:firebase_messaging] AndroidManifest.xml:14:9-17:72
244            android:name="io.flutter.plugins.firebase.messaging.FlutterFirebaseMessagingBackgroundService"
244-->[:firebase_messaging] AndroidManifest.xml:15:13-107
245            android:exported="false"
245-->[:firebase_messaging] AndroidManifest.xml:16:13-37
246            android:permission="android.permission.BIND_JOB_SERVICE" />
246-->[:firebase_messaging] AndroidManifest.xml:17:13-69
247        <service
247-->[:firebase_messaging] AndroidManifest.xml:18:9-24:19
248            android:name="io.flutter.plugins.firebase.messaging.FlutterFirebaseMessagingService"
248-->[:firebase_messaging] AndroidManifest.xml:19:13-97
249            android:exported="false" >
249-->[:firebase_messaging] AndroidManifest.xml:20:13-37
250            <intent-filter>
250-->[:firebase_messaging] AndroidManifest.xml:21:13-23:29
251                <action android:name="com.google.firebase.MESSAGING_EVENT" />
251-->[:firebase_messaging] AndroidManifest.xml:22:17-78
251-->[:firebase_messaging] AndroidManifest.xml:22:25-75
252            </intent-filter>
253        </service>
254
255        <receiver
255-->[:firebase_messaging] AndroidManifest.xml:26:9-33:20
256            android:name="io.flutter.plugins.firebase.messaging.FlutterFirebaseMessagingReceiver"
256-->[:firebase_messaging] AndroidManifest.xml:27:13-98
257            android:exported="true"
257-->[:firebase_messaging] AndroidManifest.xml:28:13-36
258            android:permission="com.google.android.c2dm.permission.SEND" >
258-->[:firebase_messaging] AndroidManifest.xml:29:13-73
259            <intent-filter>
259-->[:firebase_messaging] AndroidManifest.xml:30:13-32:29
260                <action android:name="com.google.android.c2dm.intent.RECEIVE" />
260-->[:firebase_messaging] AndroidManifest.xml:31:17-81
260-->[:firebase_messaging] AndroidManifest.xml:31:25-78
261            </intent-filter>
262        </receiver>
263
264        <provider
264-->[:firebase_messaging] AndroidManifest.xml:41:9-45:38
265            android:name="io.flutter.plugins.firebase.messaging.FlutterFirebaseMessagingInitProvider"
265-->[:firebase_messaging] AndroidManifest.xml:42:13-102
266            android:authorities="com.fab.fabpropertiesEnterprise.flutterfirebasemessaginginitprovider"
266-->[:firebase_messaging] AndroidManifest.xml:43:13-88
267            android:exported="false"
267-->[:firebase_messaging] AndroidManifest.xml:44:13-37
268            android:initOrder="99" />
268-->[:firebase_messaging] AndroidManifest.xml:45:13-35
269        <provider
269-->[:image_picker_android] AndroidManifest.xml:9:9-17:20
270            android:name="io.flutter.plugins.imagepicker.ImagePickerFileProvider"
270-->[:image_picker_android] AndroidManifest.xml:10:13-82
271            android:authorities="com.fab.fabpropertiesEnterprise.flutter.image_provider"
271-->[:image_picker_android] AndroidManifest.xml:11:13-74
272            android:exported="false"
272-->[:image_picker_android] AndroidManifest.xml:12:13-37
273            android:grantUriPermissions="true" >
273-->[:image_picker_android] AndroidManifest.xml:13:13-47
274            <meta-data
274-->[:image_picker_android] AndroidManifest.xml:14:13-16:75
275                android:name="android.support.FILE_PROVIDER_PATHS"
275-->[:image_picker_android] AndroidManifest.xml:15:17-67
276                android:resource="@xml/flutter_image_picker_file_paths" />
276-->[:image_picker_android] AndroidManifest.xml:16:17-72
277        </provider> <!-- Trigger Google Play services to install the backported photo picker module. -->
278        <service
278-->[:image_picker_android] AndroidManifest.xml:19:9-31:19
279            android:name="com.google.android.gms.metadata.ModuleDependencies"
279-->[:image_picker_android] AndroidManifest.xml:20:13-78
280            android:enabled="false"
280-->[:image_picker_android] AndroidManifest.xml:21:13-36
281            android:exported="false" >
281-->[:image_picker_android] AndroidManifest.xml:22:13-37
282            <intent-filter>
282-->[:image_picker_android] AndroidManifest.xml:24:13-26:29
283                <action android:name="com.google.android.gms.metadata.MODULE_DEPENDENCIES" />
283-->[:image_picker_android] AndroidManifest.xml:25:17-94
283-->[:image_picker_android] AndroidManifest.xml:25:25-91
284            </intent-filter>
285
286            <meta-data
286-->[:image_picker_android] AndroidManifest.xml:28:13-30:36
287                android:name="photopicker_activity:0:required"
287-->[:image_picker_android] AndroidManifest.xml:29:17-63
288                android:value="" />
288-->[:image_picker_android] AndroidManifest.xml:30:17-33
289        </service>
290
291        <provider
291-->[:open_file_android] AndroidManifest.xml:9:9-19:20
292            android:name="com.crazecoder.openfile.FileProvider"
292-->[:open_file_android] AndroidManifest.xml:10:13-64
293            android:authorities="com.fab.fabpropertiesEnterprise.fileProvider.com.crazecoder.openfile"
293-->[:open_file_android] AndroidManifest.xml:11:13-88
294            android:exported="false"
294-->[:open_file_android] AndroidManifest.xml:12:13-37
295            android:grantUriPermissions="true"
295-->[:open_file_android] AndroidManifest.xml:13:13-47
296            android:requestLegacyExternalStorage="true" >
296-->[:open_file_android] AndroidManifest.xml:14:13-56
297            <meta-data
297-->[:image_picker_android] AndroidManifest.xml:14:13-16:75
298                android:name="android.support.FILE_PROVIDER_PATHS"
298-->[:image_picker_android] AndroidManifest.xml:15:17-67
299                android:resource="@xml/filepaths" />
299-->[:image_picker_android] AndroidManifest.xml:16:17-72
300        </provider>
301
302        <activity
302-->[:url_launcher_android] AndroidManifest.xml:8:9-11:74
303            android:name="io.flutter.plugins.urllauncher.WebViewActivity"
303-->[:url_launcher_android] AndroidManifest.xml:9:13-74
304            android:exported="false"
304-->[:url_launcher_android] AndroidManifest.xml:10:13-37
305            android:theme="@android:style/Theme.NoTitleBar.Fullscreen" />
305-->[:url_launcher_android] AndroidManifest.xml:11:13-71
306
307        <service